#-----------------------------------------------------------
# xsim v2024.2 (64-bit)
# SW Build 5239630 on Fri Nov 08 22:34:34 MST 2024
# IP Build 5239520 on Sun Nov 10 16:12:51 MST 2024
# SharedData Build 5239561 on Fri Nov 08 14:39:27 MST 2024
# Start of session at: Tue Mar 10 14:33:27 2026
# Process ID         : 34744
# Current directory  : /home/elias/Documents/2_Semester/DHDV/Projekt/DHDV_Project/code/final/sim
# Command line       : xsim -mode tcl -source {xsim.dir/Top_Layer_tb_snapshot/xsim_script.tcl}
# Log file           : /home/elias/Documents/2_Semester/DHDV/Projekt/DHDV_Project/code/final/sim/xsim.log
# Journal file       : /home/elias/Documents/2_Semester/DHDV/Projekt/DHDV_Project/code/final/sim/xsim.jou
# Running On         : elias-ThinkPad-E14-Gen-6
# Platform           : Ubuntu
# Operating System   : Ubuntu 24.04.3 LTS
# Processor Detail   : AMD Ryzen 7 7735HS with Radeon Graphics
# CPU Frequency      : 2048.559 MHz
# CPU Physical cores : 8
# CPU Logical cores  : 16
# Host memory        : 32340 MB
# Swap memory        : 8589 MB
# Total Virtual      : 40930 MB
# Available Virtual  : 36928 MB
#-----------------------------------------------------------
source xsim.dir/Top_Layer_tb_snapshot/xsim_script.tcl
# xsim {Top_Layer_tb_snapshot} -autoloadwcfg -runall
Time resolution is 1 ps
run -all
$stop called at time : 10115 ns : File "/home/elias/Documents/2_Semester/DHDV/Projekt/DHDV_Project/code/final/src/Top_Layer_tb.sv" Line 138
exit
INFO: [Common 17-206] Exiting xsim at Tue Mar 10 14:33:29 2026...
