#-----------------------------------------------------------
# xsim v2024.2 (64-bit)
# SW Build 5239630 on Fri Nov 08 22:34:34 MST 2024
# IP Build 5239520 on Sun Nov 10 16:12:51 MST 2024
# SharedData Build 5239561 on Fri Nov 08 14:39:27 MST 2024
# Start of session at: Thu Mar  5 13:18:29 2026
# Process ID         : 364230
# Current directory  : /home/elias/Documents/2_Semester/DHDV/Projekt/DHDV_Project/code/frame_rx/sim
# Command line       : xsim -mode tcl -source {xsim.dir/Ethernet_frame_rx_tb_snapshot/xsim_script.tcl}
# Log file           : /home/elias/Documents/2_Semester/DHDV/Projekt/DHDV_Project/code/frame_rx/sim/xsim.log
# Journal file       : /home/elias/Documents/2_Semester/DHDV/Projekt/DHDV_Project/code/frame_rx/sim/xsim.jou
# Running On         : elias-ThinkPad-E14-Gen-6
# Platform           : Ubuntu
# Operating System   : Ubuntu 24.04.3 LTS
# Processor Detail   : AMD Ryzen 7 7735HS with Radeon Graphics
# CPU Frequency      : 1105.800 MHz
# CPU Physical cores : 8
# CPU Logical cores  : 16
# Host memory        : 32340 MB
# Swap memory        : 8589 MB
# Total Virtual      : 40930 MB
# Available Virtual  : 34437 MB
#-----------------------------------------------------------
source xsim.dir/Ethernet_frame_rx_tb_snapshot/xsim_script.tcl
# xsim {Ethernet_frame_rx_tb_snapshot} -autoloadwcfg -runall
Time resolution is 1 ps
run -all
$stop called at time : 10475 ns : File "/home/elias/Documents/2_Semester/DHDV/Projekt/DHDV_Project/code/frame_rx/src/Ethernet_frame_rx_tb.sv" Line 195
exit
INFO: [Common 17-206] Exiting xsim at Thu Mar  5 13:18:31 2026...
