#-----------------------------------------------------------
# xsim v2024.2 (64-bit)
# SW Build 5239630 on Fri Nov 08 22:34:34 MST 2024
# IP Build 5239520 on Sun Nov 10 16:12:51 MST 2024
# SharedData Build 5239561 on Fri Nov 08 14:39:27 MST 2024
# Start of session at: Tue Feb 24 14:13:20 2026
# Process ID         : 193173
# Current directory  : /home/elias/Documents/2_Semester/DHDV/Projekt/DHDV_Project/code/sim
# Command line       : xsim -mode tcl -source {xsim.dir/CRC32_tb_snapshot/xsim_script.tcl}
# Log file           : /home/elias/Documents/2_Semester/DHDV/Projekt/DHDV_Project/code/sim/xsim.log
# Journal file       : /home/elias/Documents/2_Semester/DHDV/Projekt/DHDV_Project/code/sim/xsim.jou
# Running On         : elias-ThinkPad-E14-Gen-6
# Platform           : Ubuntu
# Operating System   : Ubuntu 24.04.3 LTS
# Processor Detail   : AMD Ryzen 7 7735HS with Radeon Graphics
# CPU Frequency      : 4640.467 MHz
# CPU Physical cores : 8
# CPU Logical cores  : 16
# Host memory        : 32340 MB
# Swap memory        : 8589 MB
# Total Virtual      : 40930 MB
# Available Virtual  : 35607 MB
#-----------------------------------------------------------
source xsim.dir/CRC32_tb_snapshot/xsim_script.tcl
# xsim {CRC32_tb_snapshot} -autoloadwcfg -runall
Time resolution is 1 ps
run -all
crc_out = 0x0376e6e7 (erwartet: 0x0376E6E7)
 Test successful
crc_out = 0x0376e6e7 
$stop called at time : 285 ns : File "/home/elias/Documents/2_Semester/DHDV/Projekt/DHDV_Project/code/src/CRC_Generator_tb.sv" Line 106
exit
INFO: [Common 17-206] Exiting xsim at Tue Feb 24 14:13:22 2026...
