#-----------------------------------------------------------
# xsim v2024.2 (64-bit)
# SW Build 5239630 on Fri Nov 08 22:34:34 MST 2024
# IP Build 5239520 on Sun Nov 10 16:12:51 MST 2024
# SharedData Build 5239561 on Fri Nov 08 14:39:27 MST 2024
# Start of session at: Wed Mar 25 20:54:35 2026
# Process ID         : 209077
# Current directory  : /home/elias/Documents/2_Semester/DHDV/Verification/exercise/task-20260113/crc/sim
# Command line       : xsim -mode tcl -source {xsim.dir/tb_snapshot/xsim_script.tcl}
# Log file           : /home/elias/Documents/2_Semester/DHDV/Verification/exercise/task-20260113/crc/sim/xsim.log
# Journal file       : /home/elias/Documents/2_Semester/DHDV/Verification/exercise/task-20260113/crc/sim/xsim.jou
# Running On         : elias-ThinkPad-E14-Gen-6
# Platform           : Ubuntu
# Operating System   : Ubuntu 24.04.4 LTS
# Processor Detail   : AMD Ryzen 7 7735HS with Radeon Graphics
# CPU Frequency      : 4301.895 MHz
# CPU Physical cores : 8
# CPU Logical cores  : 16
# Host memory        : 32340 MB
# Swap memory        : 8589 MB
# Total Virtual      : 40930 MB
# Available Virtual  : 34034 MB
#-----------------------------------------------------------
source xsim.dir/tb_snapshot/xsim_script.tcl
# xsim {tb_snapshot} -autoloadwcfg -runall
Time resolution is 1 ps
run -all
T=0 [Driver] starting ...
T=0 [Driver] waiting for item ...
T=0 [Monitor] starting ...
T=0 [Generator] Loop:1/20 create next item
T=0 [Generator] Wait for driver to be done
T=10000 data=0x2a crc=0x0
T=10000 [Driver] waiting for item ...
T=10000 [Generator] Loop:2/20 create next item
T=10000 [Generator] Wait for driver to be done
T=11000 data=0x2a crc=0x0
T=11000 data=0x2a crc=0x0
crc = 0
T=30000 data=0x30 crc=0x0
T=30000 [Driver] waiting for item ...
T=30000 [Generator] Loop:3/20 create next item
T=30000 [Generator] Wait for driver to be done
T=31000 data=0x30 crc=0x0
T=31000 data=0x30 crc=0x0
crc = 0
T=50000 data=0x3f crc=0x0
T=50000 [Driver] waiting for item ...
T=50000 [Generator] Loop:4/20 create next item
T=50000 [Generator] Wait for driver to be done
T=51000 data=0x3f crc=0x0
T=51000 data=0x3f crc=0x0
crc = 0
T=70000 data=0x5f crc=0x0
T=70000 [Driver] waiting for item ...
T=70000 [Generator] Loop:5/20 create next item
T=70000 [Generator] Wait for driver to be done
T=71000 data=0x5f crc=0x0
T=71000 data=0x5f crc=0x0
crc = 0
T=90000 data=0x23 crc=0x0
T=90000 [Driver] waiting for item ...
T=90000 [Generator] Loop:6/20 create next item
T=90000 [Generator] Wait for driver to be done
T=91000 data=0x23 crc=0x0
T=91000 data=0x23 crc=0x0
crc = 0
T=110000 data=0x5b crc=0x0
T=110000 [Driver] waiting for item ...
T=110000 [Generator] Loop:7/20 create next item
T=110000 [Generator] Wait for driver to be done
T=111000 data=0x5b crc=0x0
T=111000 data=0x5b crc=0x0
crc = 0
T=130000 data=0x3e crc=0x0
T=130000 [Driver] waiting for item ...
T=130000 [Generator] Loop:8/20 create next item
T=130000 [Generator] Wait for driver to be done
T=131000 data=0x3e crc=0x0
T=131000 data=0x3e crc=0x0
crc = 0
T=150000 data=0xdf crc=0x0
T=150000 [Driver] waiting for item ...
T=150000 [Generator] Loop:9/20 create next item
T=150000 [Generator] Wait for driver to be done
T=151000 data=0xdf crc=0x0
T=151000 data=0xdf crc=0x0
crc = 0
T=170000 data=0xd4 crc=0x0
T=170000 [Driver] waiting for item ...
T=170000 [Generator] Loop:10/20 create next item
T=170000 [Generator] Wait for driver to be done
T=171000 data=0xd4 crc=0x0
T=171000 data=0xd4 crc=0x0
crc = 0
T=190000 data=0xf1 crc=0x0
T=190000 [Driver] waiting for item ...
T=190000 [Generator] Loop:11/20 create next item
T=190000 [Generator] Wait for driver to be done
T=191000 data=0xf1 crc=0x0
T=191000 data=0xf1 crc=0x0
crc = 0
T=210000 data=0x90 crc=0x0
T=210000 [Driver] waiting for item ...
T=210000 [Generator] Loop:12/20 create next item
T=210000 [Generator] Wait for driver to be done
T=211000 data=0x90 crc=0x0
T=211000 data=0x90 crc=0x0
crc = 0
T=230000 data=0x2d crc=0x0
T=230000 [Driver] waiting for item ...
T=230000 [Generator] Loop:13/20 create next item
T=230000 [Generator] Wait for driver to be done
T=231000 data=0x2d crc=0x0
T=231000 data=0x2d crc=0x0
crc = 0
T=250000 data=0x84 crc=0x0
T=250000 [Driver] waiting for item ...
T=250000 [Generator] Loop:14/20 create next item
T=250000 [Generator] Wait for driver to be done
T=251000 data=0x84 crc=0x0
T=251000 data=0x84 crc=0x0
crc = 0
T=270000 data=0x42 crc=0x0
T=270000 [Driver] waiting for item ...
T=270000 [Generator] Loop:15/20 create next item
T=270000 [Generator] Wait for driver to be done
T=271000 data=0x42 crc=0x0
T=271000 data=0x42 crc=0x0
crc = 0
T=290000 data=0x60 crc=0x0
T=290000 [Driver] waiting for item ...
T=290000 [Generator] Loop:16/20 create next item
T=290000 [Generator] Wait for driver to be done
T=291000 data=0x60 crc=0x0
T=291000 data=0x60 crc=0x0
crc = 0
T=310000 data=0xc9 crc=0x0
T=310000 [Driver] waiting for item ...
T=310000 [Generator] Loop:17/20 create next item
T=310000 [Generator] Wait for driver to be done
T=311000 data=0xc9 crc=0x0
T=311000 data=0xc9 crc=0x0
crc = 0
T=330000 data=0x94 crc=0x0
T=330000 [Driver] waiting for item ...
T=330000 [Generator] Loop:18/20 create next item
T=330000 [Generator] Wait for driver to be done
T=331000 data=0x94 crc=0x0
T=331000 data=0x94 crc=0x0
crc = 0
T=350000 data=0x52 crc=0x0
T=350000 [Driver] waiting for item ...
T=350000 [Generator] Loop:19/20 create next item
T=350000 [Generator] Wait for driver to be done
T=351000 data=0x52 crc=0x0
T=351000 data=0x52 crc=0x0
crc = 0
T=370000 data=0x51 crc=0x0
T=370000 [Driver] waiting for item ...
T=370000 [Generator] Loop:20/20 create next item
T=370000 [Generator] Wait for driver to be done
T=371000 data=0x51 crc=0x0
T=371000 data=0x51 crc=0x0
crc = 0
T=390000 data=0x71 crc=0x0
T=390000 [Driver] waiting for item ...
T=391000 data=0x71 crc=0x0
T=391000 data=0x71 crc=0x0
crc = 0
T=411000 data=0x71 crc=0x0
T=411000 data=0x71 crc=0x0
crc = 0
T=431000 data=0x71 crc=0x0
T=431000 data=0x71 crc=0x0
crc = 0
$finish called at time : 440 ns : File "/home/elias/Documents/2_Semester/DHDV/Verification/exercise/task-20260113/crc/src/tb.sv" Line 30
exit
INFO: [Common 17-206] Exiting xsim at Wed Mar 25 20:54:37 2026...
